{
  "timestamp": "2025-03-19T03:12:23.707Z",
  "success": 0,
  "failure": 5,
  "skipped": 0,
  "tests": [
    {
      "name": "認証トークン検証",
      "status": "failure",
      "startTime": 1742353943714,
      "error": {
        "message": "Invalid character in header content [\"Authorization\"]",
        "stack": "TypeError [ERR_INVALID_CHAR]: Invalid character in header content [\"Authorization\"]\n    at ClientRequest.setHeader (node:_http_outgoing:658:3)\n    at new ClientRequest (node:_http_client:291:14)\n    at Object.request (node:http:100:10)\n    at RedirectableRequest._performRequest (/Users/tatsuya/Desktop/システム開発/ProjectIssey/schedle/node_modules/follow-redirects/index.js:337:24)\n    at new RedirectableRequest (/Users/tatsuya/Desktop/システム開発/ProjectIssey/schedle/node_modules/follow-redirects/index.js:111:8)\n    at Object.request (/Users/tatsuya/Desktop/システム開発/ProjectIssey/schedle/node_modules/follow-redirects/index.js:543:14)\n    at dispatchHttpRequest (/Users/tatsuya/Desktop/システム開発/ProjectIssey/schedle/node_modules/axios/dist/node/axios.cjs:3013:21)\n    at /Users/tatsuya/Desktop/システム開発/ProjectIssey/schedle/node_modules/axios/dist/node/axios.cjs:2703:5\n    at new Promise (<anonymous>)\n    at wrapAsync (/Users/tatsuya/Desktop/システム開発/ProjectIssey/schedle/node_modules/axios/dist/node/axios.cjs:2683:10)\n    at Axios.request (/Users/tatsuya/Desktop/システム開発/ProjectIssey/schedle/node_modules/axios/dist/node/axios.cjs:4258:41)\n    at process.processTicksAndRejections (node:internal/process/task_queues:95:5)\n    at async testAuthTokenValidation (/Users/tatsuya/Desktop/システム開発/ProjectIssey/schedle/tests/qa/security-test.js:80:25)\n    at async runTest (/Users/tatsuya/Desktop/システム開発/ProjectIssey/schedle/tests/qa/security-test.js:55:5)\n    at async runAllTests (/Users/tatsuya/Desktop/システム開発/ProjectIssey/schedle/tests/qa/security-test.js:327:3)"
      },
      "endTime": 1742353943728,
      "duration": 14
    },
    {
      "name": "CSRF保護テスト",
      "status": "failure",
      "startTime": 1742353943728,
      "error": {
        "message": "Request failed with status code 401",
        "stack": "AxiosError: Request failed with status code 401\n    at settle (/Users/tatsuya/Desktop/システム開発/ProjectIssey/schedle/node_modules/axios/dist/node/axios.cjs:2031:12)\n    at IncomingMessage.handleStreamEnd (/Users/tatsuya/Desktop/システム開発/ProjectIssey/schedle/node_modules/axios/dist/node/axios.cjs:3148:11)\n    at IncomingMessage.emit (node:events:529:35)\n    at endReadableNT (node:internal/streams/readable:1400:12)\n    at process.processTicksAndRejections (node:internal/process/task_queues:82:21)\n    at Axios.request (/Users/tatsuya/Desktop/システム開発/ProjectIssey/schedle/node_modules/axios/dist/node/axios.cjs:4258:41)\n    at process.processTicksAndRejections (node:internal/process/task_queues:95:5)\n    at async testCSRFProtection (/Users/tatsuya/Desktop/システム開発/ProjectIssey/schedle/tests/qa/security-test.js:117:27)\n    at async runTest (/Users/tatsuya/Desktop/システム開発/ProjectIssey/schedle/tests/qa/security-test.js:55:5)\n    at async runAllTests (/Users/tatsuya/Desktop/システム開発/ProjectIssey/schedle/tests/qa/security-test.js:328:3)"
      },
      "endTime": 1742353943781,
      "duration": 53
    },
    {
      "name": "XSS脆弱性テスト",
      "status": "failure",
      "startTime": 1742353943782,
      "error": {
        "message": "Invalid character in header content [\"Authorization\"]",
        "stack": "TypeError [ERR_INVALID_CHAR]: Invalid character in header content [\"Authorization\"]\n    at ClientRequest.setHeader (node:_http_outgoing:658:3)\n    at new ClientRequest (node:_http_client:291:14)\n    at Object.request (node:http:100:10)\n    at RedirectableRequest._performRequest (/Users/tatsuya/Desktop/システム開発/ProjectIssey/schedle/node_modules/follow-redirects/index.js:337:24)\n    at new RedirectableRequest (/Users/tatsuya/Desktop/システム開発/ProjectIssey/schedle/node_modules/follow-redirects/index.js:111:8)\n    at Object.request (/Users/tatsuya/Desktop/システム開発/ProjectIssey/schedle/node_modules/follow-redirects/index.js:543:14)\n    at dispatchHttpRequest (/Users/tatsuya/Desktop/システム開発/ProjectIssey/schedle/node_modules/axios/dist/node/axios.cjs:3013:21)\n    at /Users/tatsuya/Desktop/システム開発/ProjectIssey/schedle/node_modules/axios/dist/node/axios.cjs:2703:5\n    at new Promise (<anonymous>)\n    at wrapAsync (/Users/tatsuya/Desktop/システム開発/ProjectIssey/schedle/node_modules/axios/dist/node/axios.cjs:2683:10)\n    at Axios.request (/Users/tatsuya/Desktop/システム開発/ProjectIssey/schedle/node_modules/axios/dist/node/axios.cjs:4258:41)\n    at process.processTicksAndRejections (node:internal/process/task_queues:95:5)\n    at async testXSSVulnerability (/Users/tatsuya/Desktop/システム開発/ProjectIssey/schedle/tests/qa/security-test.js:169:28)\n    at async runTest (/Users/tatsuya/Desktop/システム開発/ProjectIssey/schedle/tests/qa/security-test.js:55:5)\n    at async runAllTests (/Users/tatsuya/Desktop/システム開発/ProjectIssey/schedle/tests/qa/security-test.js:329:3)"
      },
      "endTime": 1742353943784,
      "duration": 2
    },
    {
      "name": "アクセス制御テスト",
      "status": "failure",
      "startTime": 1742353943784,
      "error": {
        "message": "管理者APIへのアクセス制御が適切に行われていません",
        "stack": "AssertionError [ERR_ASSERTION]: 管理者APIへのアクセス制御が適切に行われていません\n    at testAccessControl (/Users/tatsuya/Desktop/システム開発/ProjectIssey/schedle/tests/qa/security-test.js:245:12)\n    at process.processTicksAndRejections (node:internal/process/task_queues:95:5)\n    at async runTest (/Users/tatsuya/Desktop/システム開発/ProjectIssey/schedle/tests/qa/security-test.js:55:5)\n    at async runAllTests (/Users/tatsuya/Desktop/システム開発/ProjectIssey/schedle/tests/qa/security-test.js:330:3)"
      },
      "endTime": 1742353943795,
      "duration": 11
    },
    {
      "name": "パスワードポリシーテスト",
      "status": "failure",
      "startTime": 1742353943795,
      "error": {
        "message": "パスワードポリシーのエラーメッセージが適切に返されていません",
        "stack": "AssertionError [ERR_ASSERTION]: パスワードポリシーのエラーメッセージが適切に返されていません\n    at testPasswordPolicy (/Users/tatsuya/Desktop/システム開発/ProjectIssey/schedle/tests/qa/security-test.js:307:16)\n    at process.processTicksAndRejections (node:internal/process/task_queues:95:5)\n    at async runTest (/Users/tatsuya/Desktop/システム開発/ProjectIssey/schedle/tests/qa/security-test.js:55:5)\n    at async runAllTests (/Users/tatsuya/Desktop/システム開発/ProjectIssey/schedle/tests/qa/security-test.js:331:3)"
      },
      "endTime": 1742353943832,
      "duration": 37
    }
  ],
  "duration": 125,
  "totalTests": 5
}